<?xml version="1.0" encoding="UTF-8"?>
<!-- Generated by org.testng.reporters.JUnitReportReporter -->
<testsuite skipped="0" hostname="v2mumpc0474" name="in.v2solutions.hybrid.testcases.LT_132_Verify_EmailAPI_WithInValidData" tests="1" failures="0" timestamp="06 Nov 2017 07:01:09 GMT" time="2.637" errors="0">
  <testcase name="verify_EmailAPI_WithInValidData" time="2.637" classname="in.v2solutions.hybrid.testcases.LT_132_Verify_EmailAPI_WithInValidData"/>
</testsuite> <!-- in.v2solutions.hybrid.testcases.LT_132_Verify_EmailAPI_WithInValidData -->
