<?xml version="1.0" encoding="UTF-8"?>
<!-- Generated by org.testng.reporters.JUnitReportReporter -->
<testsuite skipped="0" hostname="v2mumpc0474" name="in.v2solutions.hybrid.testcases.LT_124_Verify_OffersViaSCL_VetAsNoCRAsExcellentAndSecondMortgageAsNoTLenght7by1arm" tests="1" failures="0" timestamp="24 Oct 2017 09:48:11 GMT" time="197.912" errors="0">
  <testcase name="verify_OffersViaSCL_VetAsNoCRAsExcellentAndSecondMortgageAsNoTLenght7by1arm" time="197.912" classname="in.v2solutions.hybrid.testcases.LT_124_Verify_OffersViaSCL_VetAsNoCRAsExcellentAndSecondMortgageAsNoTLenght7by1arm"/>
</testsuite> <!-- in.v2solutions.hybrid.testcases.LT_124_Verify_OffersViaSCL_VetAsNoCRAsExcellentAndSecondMortgageAsNoTLenght7by1arm -->
