<?xml version="1.0" encoding="UTF-8"?>
<!-- Generated by org.testng.reporters.JUnitReportReporter -->
<testsuite skipped="0" hostname="v2mumpc0014" name="in.v2solutions.hybrid.testcases.LT_138_Verify_OfferSuccessAPI" tests="1" failures="0" timestamp="25 Sep 2017 10:57:20 GMT" time="4.315" errors="0">
  <testcase name="verify_OfferSuccessAPI" time="4.315" classname="in.v2solutions.hybrid.testcases.LT_138_Verify_OfferSuccessAPI"/>
</testsuite> <!-- in.v2solutions.hybrid.testcases.LT_138_Verify_OfferSuccessAPI -->
