<?xml version="1.0" encoding="UTF-8"?>
<!-- Generated by org.testng.reporters.JUnitReportReporter -->
<testsuite skipped="0" hostname="v2mumpc0474" name="in.v2solutions.hybrid.testcases.LT_133_Verify_PhoneAPI_WithValidData" tests="1" failures="0" timestamp="06 Nov 2017 07:02:06 GMT" time="2.228" errors="0">
  <testcase name="verify_PhoneAPI_WithValidData" time="2.228" classname="in.v2solutions.hybrid.testcases.LT_133_Verify_PhoneAPI_WithValidData"/>
</testsuite> <!-- in.v2solutions.hybrid.testcases.LT_133_Verify_PhoneAPI_WithValidData -->
