<?xml version="1.0" encoding="UTF-8"?>
<!-- Generated by org.testng.reporters.JUnitReportReporter -->
<testsuite skipped="0" hostname="v2mumpc0474" name="in.v2solutions.hybrid.testcases.LT_136_Verify_DataLeadsAPI" tests="1" failures="0" timestamp="10 Nov 2017 05:26:07 GMT" time="9.760" errors="0">
  <testcase name="verify_DataLeadsAPI" time="9.760" classname="in.v2solutions.hybrid.testcases.LT_136_Verify_DataLeadsAPI"/>
</testsuite> <!-- in.v2solutions.hybrid.testcases.LT_136_Verify_DataLeadsAPI -->
