<?xml version="1.0" encoding="UTF-8"?>
<!-- Generated by org.testng.reporters.JUnitReportReporter -->
<testsuite skipped="0" hostname="v2mumpc0474" name="in.v2solutions.hybrid.testcases.LT_141_Verify_OffersViaSPS_WithMortgageEditAndSecondMortgageAsNo" tests="1" failures="0" timestamp="20 Nov 2017 09:09:19 GMT" time="145.740" errors="0">
  <testcase name="verify_OffersViaSPS_WithMortgageEditAndSecondMortgageAsNo" time="145.740" classname="in.v2solutions.hybrid.testcases.LT_141_Verify_OffersViaSPS_WithMortgageEditAndSecondMortgageAsNo"/>
</testsuite> <!-- in.v2solutions.hybrid.testcases.LT_141_Verify_OffersViaSPS_WithMortgageEditAndSecondMortgageAsNo -->
