<?xml version="1.0" encoding="UTF-8"?>
<!-- Generated by org.testng.reporters.JUnitReportReporter -->
<testsuite skipped="0" hostname="v2mumpc0474" name="in.v2solutions.hybrid.testcases.LT_144_Verify_OffersViaSPS_WithMortgageEditAndSecondMortgageAsYes" tests="1" failures="0" timestamp="13 Sep 2017 13:20:02 GMT" time="165.966" errors="0">
  <testcase name="verify_OffersViaSPS_WithMortgageEditAndSecondMortgageAsYes" time="165.966" classname="in.v2solutions.hybrid.testcases.LT_144_Verify_OffersViaSPS_WithMortgageEditAndSecondMortgageAsYes"/>
</testsuite> <!-- in.v2solutions.hybrid.testcases.LT_144_Verify_OffersViaSPS_WithMortgageEditAndSecondMortgageAsYes -->
