<?xml version="1.0" encoding="UTF-8"?>
<!-- Generated by org.testng.reporters.JUnitReportReporter -->
<testsuite skipped="0" hostname="v2mumpc0474" name="in.v2solutions.hybrid.testcases.LT_01_Verify_OffersViaSPS_CRAsExcellentAndSecondMortgageAsNo" tests="1" failures="0" timestamp="24 Oct 2017 12:07:10 GMT" time="200.106" errors="0">
  <testcase name="verify_OffersViaSPS_CRAsExcellentAndSecondMortgageAsNo" time="200.106" classname="in.v2solutions.hybrid.testcases.LT_01_Verify_OffersViaSPS_CRAsExcellentAndSecondMortgageAsNo"/>
</testsuite> <!-- in.v2solutions.hybrid.testcases.LT_01_Verify_OffersViaSPS_CRAsExcellentAndSecondMortgageAsNo -->
