<?xml version="1.0" encoding="UTF-8"?>
<!-- Generated by org.testng.reporters.JUnitReportReporter -->
<testsuite skipped="0" hostname="v2mumpc0474" name="in.v2solutions.hybrid.testcases.LT_111_Verify_OffersViaSCL_VetAsYesVALoanAsYestSureCRAsFairAndSecondMortgageAsYes" tests="1" failures="0" timestamp="24 Oct 2017 09:37:03 GMT" time="229.052" errors="0">
  <testcase name="verify_OffersViaSCL_VetAsYesVALoanAsYestSureCRAsFairAndSecondMortgageAsYes" time="229.052" classname="in.v2solutions.hybrid.testcases.LT_111_Verify_OffersViaSCL_VetAsYesVALoanAsYestSureCRAsFairAndSecondMortgageAsYes"/>
</testsuite> <!-- in.v2solutions.hybrid.testcases.LT_111_Verify_OffersViaSCL_VetAsYesVALoanAsYestSureCRAsFairAndSecondMortgageAsYes -->
