<?xml version="1.0" encoding="UTF-8"?>
<!-- Generated by org.testng.reporters.JUnitReportReporter -->
<testsuite skipped="0" hostname="v2mumpc0474" name="in.v2solutions.hybrid.testcases.LT_131_Verify_EmailAPI_WithValidData" tests="1" failures="0" timestamp="06 Nov 2017 08:00:00 GMT" time="5.467" errors="0">
  <testcase name="verify_EmailAPI_WithValidData" time="5.467" classname="in.v2solutions.hybrid.testcases.LT_131_Verify_EmailAPI_WithValidData"/>
</testsuite> <!-- in.v2solutions.hybrid.testcases.LT_131_Verify_EmailAPI_WithValidData -->
