<?xml version="1.0" encoding="UTF-8"?>
<!-- Generated by org.testng.reporters.JUnitReportReporter -->
<testsuite skipped="0" hostname="v2mumpc0474" name="in.v2solutions.hybrid.testcases.LT_140_Verify_OffersViaSPS_WithPropertyEditAndSecondMortgageAsNo" tests="1" failures="0" timestamp="20 Nov 2017 08:30:20 GMT" time="148.741" errors="0">
  <testcase name="verify_OffersViaSPS_WithPropertyEditAndSecondMortgageAsNo" time="148.741" classname="in.v2solutions.hybrid.testcases.LT_140_Verify_OffersViaSPS_WithPropertyEditAndSecondMortgageAsNo"/>
</testsuite> <!-- in.v2solutions.hybrid.testcases.LT_140_Verify_OffersViaSPS_WithPropertyEditAndSecondMortgageAsNo -->
