<?xml version="1.0" encoding="UTF-8"?>
<!-- Generated by org.testng.reporters.JUnitReportReporter -->
<testsuite skipped="0" hostname="v2mumpc0474" name="in.v2solutions.hybrid.testcases.LT_105_Verify_OffersViaSCL_VetAsYesVALoanAsYesPropertyAsMultiFamilyHomeAndSecondMortgageAsYes" tests="1" failures="0" timestamp="24 Oct 2017 09:32:52 GMT" time="231.381" errors="0">
  <testcase name="verify_OffersViaSCL_VetAsYesVALoanAsYesPropertyAsMultiFamilyHomeAndSecondMortgageAsYes" time="231.381" classname="in.v2solutions.hybrid.testcases.LT_105_Verify_OffersViaSCL_VetAsYesVALoanAsYesPropertyAsMultiFamilyHomeAndSecondMortgageAsYes"/>
</testsuite> <!-- in.v2solutions.hybrid.testcases.LT_105_Verify_OffersViaSCL_VetAsYesVALoanAsYesPropertyAsMultiFamilyHomeAndSecondMortgageAsYes -->
