<?xml version="1.0" encoding="UTF-8"?>
<!-- Generated by org.testng.reporters.JUnitReportReporter -->
<testsuite skipped="0" hostname="v2mumpc0474" name="in.v2solutions.hybrid.testcases.LT_120_Verify_OffersViaSCL_VetAsYesVALoanAsYestSurePPurposeAsRentalPropertyAndSecondMortgageAsYes" tests="1" failures="0" timestamp="24 Oct 2017 09:43:40 GMT" time="230.243" errors="0">
  <testcase name="verify_OffersViaSCL_VetAsYesVALoanAsYestSurePPurposeAsRentalPropertyAndSecondMortgageAsYes" time="230.243" classname="in.v2solutions.hybrid.testcases.LT_120_Verify_OffersViaSCL_VetAsYesVALoanAsYestSurePPurposeAsRentalPropertyAndSecondMortgageAsYes"/>
</testsuite> <!-- in.v2solutions.hybrid.testcases.LT_120_Verify_OffersViaSCL_VetAsYesVALoanAsYestSurePPurposeAsRentalPropertyAndSecondMortgageAsYes -->
