<?xml version="1.0" encoding="UTF-8"?>
<!-- Generated by org.testng.reporters.JUnitReportReporter -->
<testsuite skipped="0" hostname="v2mumpc0070" name="in.v2solutions.hybrid.testcases.LT_139_Verify_OffersViaSPS_WithCreditEditAndSecondMortgageAsNo" tests="1" failures="0" timestamp="19 Dec 2017 09:25:11 GMT" time="69.760" errors="0">
  <testcase name="verify_OffersViaSPS_WithCreditEditAndSecondMortgageAsNo" time="69.760" classname="in.v2solutions.hybrid.testcases.LT_139_Verify_OffersViaSPS_WithCreditEditAndSecondMortgageAsNo"/>
</testsuite> <!-- in.v2solutions.hybrid.testcases.LT_139_Verify_OffersViaSPS_WithCreditEditAndSecondMortgageAsNo -->
