<?xml version="1.0" encoding="UTF-8"?>
<!-- Generated by org.testng.reporters.JUnitReportReporter -->
<testsuite skipped="0" hostname="v2mumpc0474" name="in.v2solutions.hybrid.testcases.LT_137_Verify_GetOfferAPI" tests="1" failures="0" timestamp="06 Nov 2017 11:52:51 GMT" time="4.099" errors="0">
  <testcase name="verify_GetOfferAPI" time="4.099" classname="in.v2solutions.hybrid.testcases.LT_137_Verify_GetOfferAPI"/>
</testsuite> <!-- in.v2solutions.hybrid.testcases.LT_137_Verify_GetOfferAPI -->
