<?xml version="1.0" encoding="UTF-8"?>
<!-- Generated by org.testng.reporters.JUnitReportReporter -->
<testsuite skipped="0" hostname="v2mumpc0464" name="in.v2solutions.hybrid.testcases.VWR_07_Verify_Employees_Professional_Information" tests="1" failures="0" timestamp="21 Jun 2018 13:13:06 GMT" time="212.282" errors="0">
  <testcase name="verify_Employees_Professional_Information" time="212.282" classname="in.v2solutions.hybrid.testcases.VWR_07_Verify_Employees_Professional_Information"/>
</testsuite> <!-- in.v2solutions.hybrid.testcases.VWR_07_Verify_Employees_Professional_Information -->
