<?xml version="1.0" encoding="UTF-8"?>
<!-- Generated by org.testng.reporters.JUnitReportReporter -->
<testsuite skipped="0" hostname="v2mumpc0464" name="in.v2solutions.hybrid.testcases.VWR_01_Verify_Apply_Leave_Functionality" tests="1" failures="0" timestamp="22 Jun 2018 07:31:59 GMT" time="152.375" errors="0">
  <testcase name="verify_Apply_Leave_Functionality" time="152.375" classname="in.v2solutions.hybrid.testcases.VWR_01_Verify_Apply_Leave_Functionality"/>
</testsuite> <!-- in.v2solutions.hybrid.testcases.VWR_01_Verify_Apply_Leave_Functionality -->
