<?xml version="1.0" encoding="UTF-8"?>
<!-- Generated by org.testng.reporters.JUnitReportReporter -->
<testsuite skipped="1" hostname="v2mumpc0464" name="in.v2solutions.hybrid.testcases.VWR_11_Verify_HR_Maintenance_Functionality" tests="1" failures="0" timestamp="21 Jun 2018 13:13:06 GMT" time="0.001" errors="0">
  <testcase name="verify_HR_Maintenance_Functionality" time="0.001" classname="in.v2solutions.hybrid.testcases.VWR_11_Verify_HR_Maintenance_Functionality">
    <skipped/>
  </testcase> <!-- verify_HR_Maintenance_Functionality -->
</testsuite> <!-- in.v2solutions.hybrid.testcases.VWR_11_Verify_HR_Maintenance_Functionality -->
